<test>
  <systemtest>
    <name>Constant</name>
    <file>data/test/run-fail/constants.nw</file>
    <error>
      <name>UnboundSymbol</name>
      <domain>RewritingSystemError</domain>
    </error>
  </systemtest>

  <systemtest>
    <name>With Comments</name>
    <file>data/test/run-pass/with_comment.nw</file>
  </systemtest>

  <systemtest>
    <name>With include</name>
    <file>data/test/run-pass/with_include.nw</file>
  </systemtest>

  <systemtest>
    <name>With forall</name>
    <file>data/test/run-pass/with_forall.nw</file>
  </systemtest>

  <systemtest>
    <name>Arity in effect operation</name>
    <file>data/test/run-fail/typecheck_cardinality_error_in_effect_operation.nw</file>
    <error>
      <name>WrongArity</name>
      <domain>RewritingSystemError</domain>
    </error>
  </systemtest>

  <systemtest>
    <name>Arity in pattern operation</name>
    <file>data/test/run-fail/typecheck_cardinality_error_in_pattern_operation.nw</file>
    <error>
      <name>WrongArity</name>
      <domain>RewritingSystemError</domain>
    </error>
  </systemtest>

  <systemtest>
    <name>Illegal type application</name>
    <file>data/test/run-fail/typecheck_illegal_type_app.nw</file>
    <error>
      <name>IllegalTypeApp</name>
      <domain>RewritingSystemError</domain>
    </error>
  </systemtest>

  <systemtest>
    <name>Unknown constant in effect</name>
    <file>data/test/run-fail/typecheck_not_declared_constant_in_effect.nw</file>
    <error>
      <name>UnboundSymbol</name>
      <domain>RewritingSystemError</domain>
    </error>
  </systemtest>

  <systemtest>
    <name>Unknown constant in pattern</name>
    <file>data/test/run-fail/typecheck_not_declared_constant_in_pattern.nw</file>
    <error>
      <name>UnboundSymbol</name>
      <domain>RewritingSystemError</domain>
    </error>
  </systemtest>

  <systemtest>
    <name>Unknown operation in effect</name>
    <file>data/test/run-fail/typecheck_not_declared_operation_in_effect.nw</file>
    <error>
      <name>UnboundSymbol</name>
      <domain>RewritingSystemError</domain>
    </error>
  
  </systemtest>

  <systemtest>
    <name>Unknown operation in pattern</name>
    <file>data/test/run-fail/typecheck_not_declared_operation_in_pattern.nw</file>
    <error>
      <name>UnboundSymbol</name>
      <domain>RewritingSystemError</domain>
    </error>
  
  </systemtest>

  <systemtest>
    <name>Unbound placeholder</name>
    <file>data/test/run-fail/typecheck_placeholder_unknown_in_effect.nw</file>
    <error>
      <name>UnknownPlaceholder</name>
      <domain>RewritingSystemError</domain>
    </error>
  
  </systemtest>

  <systemtest>
    <name>Type not well formed</name>
    <file>data/test/run-fail/typecheck_type_ill_formed.nw</file>
    <error>
      <name>TypeIllFormed</name>
      <domain>RewritingSystemError</domain>
    </error>
  </systemtest>

  <systemtest>
    <name>Wrong binder kind</name>
    <file>data/test/run-fail/typecheck_typing_clash_wrong_operation_in_effect.nw</file>
    <error>
      <name>TypeClash</name>
      <domain>RewritingSystemError</domain>
    </error>
  </systemtest>

  <systemtest>
    <name>Type clash wrong operation in pattern</name>
    <file>data/test/run-fail/typecheck_typing_clash_wrong_operation_in_pattern.nw</file>
    <error>
      <name>TypeClash</name>
      <domain>RewritingSystemError</domain>
    </error>
  </systemtest>

  <systemtest>
    <name>Type clash wrong operation in pattern</name>
    <file>data/test/run-fail/typecheck_wrong_binder_kind.nw</file>
    <error>
      <name>WrongBinderKind</name>
      <domain>RewritingSystemError</domain>
    </error>
  </systemtest>

  <systemtest>
    <name>Type clash wrong operation in pattern</name>
    <file>data/test/run-fail/typecheck_placeholder_clash.nw</file>
    <error>
      <name>TypeClash</name>
      <domain>RewritingSystemError</domain>
    </error>
  </systemtest>

  <systemtest>
    <name>Generics</name>
    <file>data/test/run-fail/typecheck_generics.nw</file>
    <error>
      <name>KindClash</name>
      <domain>RewritingSystemError</domain>
    </error>
  </systemtest>

  <!-- Peano test  -->
  <systemtest>
    <name>Simple Peano</name>
    <file>data/test/run-pass/simple_peano.nw</file>
    <!-- Valid test cases -->
    <termtest>
      <term>Successor(Zero)</term>
      <result>Successor(Zero)</result>
    </termtest>
    <termtest>
      <term>Successor(Successor(Zero))</term>
      <result>Successor(Successor(Zero))</result>
    </termtest>
    <termtest>
      <term>Zero</term>
      <result>Zero</result>
    </termtest>
    <termtest>
      <term>Add(Zero,Successor(Zero))</term>
      <result>Successor(Zero)</result>
    </termtest>
    <termtest>
      <term>Add(Zero,Zero)</term>
      <result>Zero</result>
    </termtest>
    <termtest>
      <term>Add(Successor(Zero),Successor(Zero))</term>
      <result>Successor(Successor(Zero))</result>
    </termtest>
    <termtest>
      <term>Add(Successor(Zero),Successor(Zero))</term>
      <result>Successor(Successor(Zero))</result>
    </termtest>
    <termtest>
      <term>Add(Add(Zero, Successor(Zero)), Add(Successor(Zero),Successor(Zero)))</term>
      <result>Successor(Successor(Successor(Zero)))</result>
    </termtest>
    <!-- Erroneous cases -->
    <termtest>
      <term>Successor(0)</term>
      <error>
        <name>UnknownSymbol</name>
        <domain>TermSystemError</domain>
      </error>
    </termtest>

    <termtest>
      <term>Successor</term>
      <error>
        <name>BadTermArity</name>
        <domain>TermSystemError</domain>
      </error>
    </termtest>

    <termtest>
      <term>Successor(Zero,Zero)</term>
      <error>
        <name>BadTermArity</name>
        <domain>TermSystemError</domain>
      </error>
    </termtest>

    <termtest>
      <term>Successor(Zero,Zero)</term>
      <error>
        <name>BadTermArity</name>
        <domain>TermSystemError</domain>
      </error>
    </termtest>

    <termtest>
      <term>Successor(TestConstant)</term>
      <error>
        <name>WrongParameterKind</name>
        <domain>TermSystemError</domain>
      </error>
    </termtest>
  </systemtest>

  <!-- Negative Peano test  -->
  <systemtest>
    <name>Negative Peano</name>
    <file>data/test/run-pass/negative_peano.nw</file>
  </systemtest>

  <!-- Peano test with strategies -->
  <systemtest>
    <name>Simple Peano</name>
    <file>data/test/run-pass/simple_peano_strats.nw</file>
    <!-- Valid test cases -->
    <termtest>
      <term>Successor(Zero)</term>
      <result>Successor(Zero)</result>
    </termtest>
    <termtest>
      <term>Successor(Successor(Zero))</term>
      <result>Successor(Successor(Zero))</result>
    </termtest>
    <termtest>
      <term>Zero</term>
      <result>Zero</result>
    </termtest>
    <termtest>
      <term>Add(Zero,Successor(Zero))</term>
      <result>Successor(Zero)</result>
    </termtest>
    <termtest>
      <term>Add(Zero,Zero)</term>
      <result>Zero</result>
    </termtest>
    <termtest>
      <term>Add(Successor(Zero),Successor(Zero))</term>
      <result>Successor(Successor(Zero))</result>
    </termtest>
    <termtest>
      <term>Add(Successor(Zero),Successor(Zero))</term>
      <result>Successor(Successor(Zero))</result>
    </termtest>
    <termtest>
      <term>Add(Add(Zero, Successor(Zero)), Add(Successor(Zero),Successor(Zero)))</term>
      <result>Successor(Successor(Successor(Zero)))</result>
    </termtest>
</test>
